<?xml version="1.0" encoding="UTF-8"?>
<!-- Generated by org.testng.reporters.JUnitReportReporter -->
<testsuite skipped="0" hostname="Jons_I5" name="WebsiteApp1.WebsiteApp1.AppTest" tests="1" failures="0" timestamp="2019-09-05T13:54:21 CDT" time="6.423" errors="0">
  <testcase name="test" time="6.423" classname="WebsiteApp1.WebsiteApp1.AppTest"/>
</testsuite> <!-- WebsiteApp1.WebsiteApp1.AppTest -->
